C51 COMPILER V9.54   MAIN                                                                  12/05/2024 20:09:29 PAGE 1   


C51 COMPILER V9.54, COMPILATION OF MODULE MAIN
OBJECT MODULE PLACED IN .\Objects\main.obj
COMPILER INVOKED BY: C:\Keil_v5\C51\BIN\C51.EXE main.c OPTIMIZE(8,SPEED) BROWSE DEBUG OBJECTEXTEND PRINT(.\Listings\main
                    -.lst) TABS(2) OBJECT(.\Objects\main.obj)

line level    source

   1          #include <REGX52.H>
   2          // #include "LCD1602.h"
   3          #include "Key.h"
   4          #include "AT24C02.h"
   5          #include "delay.h"
   6          #include "Timer0.h"
   7          #include "nixie.h"
   8          
   9          unsigned char KeyNum;
  10          unsigned char Min,Sec,MiniSec;
  11          unsigned char RunFlag;
  12          
  13          void main()
  14          {
  15   1        Timer0_Init();
  16   1        while(1)
  17   1        {
  18   2          KeyNum = Key();
  19   2          if(KeyNum == 1) 
  20   2              {
  21   3            RunFlag =!RunFlag;
  22   3              }
  23   2          if(KeyNum == 2) 
  24   2          {
  25   3            RunFlag = 0;
  26   3            Min = 0;
  27   3            Sec = 0;
  28   3            MiniSec = 0;
  29   3          }
  30   2          if(KeyNum == 3)
  31   2          {
  32   3            AT24C02_WriteByte(0,Min);
  33   3            Delay(5);
  34   3            AT24C02_WriteByte(1,Sec);
  35   3            Delay(5);
  36   3            AT24C02_WriteByte(2,MiniSec);
  37   3            Delay(5);
  38   3          }
  39   2          if(KeyNum == 4)
  40   2          {
  41   3            Min = AT24C02_ReadByte(0);
  42   3            Sec = AT24C02_ReadByte(1);
  43   3            MiniSec = AT24C02_ReadByte(2);
  44   3          }
  45   2          Nixie_SetBuf(1,Min/10);
  46   2          Nixie_SetBuf(2,Min%10);
  47   2          Nixie_SetBuf(3,11);
  48   2          Nixie_SetBuf(4,Sec/10);
  49   2          Nixie_SetBuf(5,Sec%10);
  50   2          Nixie_SetBuf(6,11);
  51   2          Nixie_SetBuf(7,MiniSec/10);
  52   2          Nixie_SetBuf(8,MiniSec%10);
  53   2          // if(KeyNum) Temp = KeyNum;
  54   2          // Nixie(1,Temp);
C51 COMPILER V9.54   MAIN                                                                  12/05/2024 20:09:29 PAGE 2   

  55   2          // Delay(1000);
  56   2        }
  57   1      }
  58          
  59          void Sec_Loop()
  60          {
  61   1        if(RunFlag == 1)
  62   1        {
  63   2          MiniSec++;
  64   2          if(MiniSec >= 100)
  65   2          {
  66   3            MiniSec = 0;
  67   3            Sec++;
  68   3            if(Sec >= 60) 
  69   3            {
  70   4              Sec = 0;
  71   4              Min++;
  72   4              if(Min >= 60)
  73   4              {
  74   5                Min = 0;
  75   5              }
  76   4            }
  77   3          }
  78   2        }
  79   1      }
  80          
  81          void Timer0_Routine() interrupt 1
  82          {
  83   1        static unsigned int T0Count1,T0Count2,T0Count3;
  84   1        TL0 = 0x66; 
  85   1        TH0 = 0xFC;
  86   1        T0Count1++;
  87   1        if(T0Count1 > 20)
  88   1        {
  89   2          T0Count1 = 0;
  90   2          Key_Loop();
  91   2        }
  92   1        T0Count2++;
  93   1        if(T0Count2 > 2)
  94   1        {
  95   2          T0Count2 = 0;
  96   2          Nixie_Loop();
  97   2        }
  98   1        T0Count3++;
  99   1        if(T0Count3 >= 10)
 100   1        {
 101   2          T0Count3 = 0;
 102   2          Sec_Loop();
 103   2        }
 104   1      }


MODULE INFORMATION:   STATIC OVERLAYABLE
   CODE SIZE        =    413    ----
   CONSTANT SIZE    =   ----    ----
   XDATA SIZE       =   ----    ----
   PDATA SIZE       =   ----    ----
   DATA SIZE        =     11    ----
   IDATA SIZE       =   ----    ----
   BIT SIZE         =   ----    ----
END OF MODULE INFORMATION.


C51 COMPILATION COMPLETE.  0 WARNING(S),  0 ERROR(S)
