C51 COMPILER V9.54   MAIN                                                                  10/27/2024 20:52:03 PAGE 1   


C51 COMPILER V9.54, COMPILATION OF MODULE MAIN
OBJECT MODULE PLACED IN .\Objects\main.obj
COMPILER INVOKED BY: C:\Keil_v5\C51\BIN\C51.EXE main.c OPTIMIZE(8,SPEED) BROWSE DEBUG OBJECTEXTEND PRINT(.\Listings\main
                    -.lst) TABS(2) OBJECT(.\Objects\main.obj)

line level    source

   1          #include <REGX52.H>
   2          //#include <INTRINS.H>
   3          
   4          void Delay(unsigned int xms)    //@11.0592MHz
   5          {
   6   1        unsigned char i, j;
   7   1        while(xms)
   8   1        {
   9   2      //  _nop_();
  10   2          i = 2;
  11   2          j = 199;
  12   2          do
  13   2          {
  14   3            while (--j);
  15   3            } while (--i);
  16   2          xms--;
  17   2      
  18   2        }
  19   1      }
  20          
  21          
  22          void main()
  23          {
  24   1        unsigned char led_status = 0x01;
  25   1        P2 = ~led_status;
  26   1        while(1)
  27   1        {
  28   2          if (P3_1==0)
  29   2          {
  30   3            Delay(20);
  31   3            while(P3_1==0);
  32   3            Delay(20);
  33   3            led_status <<= 1;
  34   3                  if (led_status == 0)
  35   3                  {
  36   4                      led_status = 0x01;
  37   4                  }
  38   3            P2 = ~led_status;
  39   3          }
  40   2        }
  41   1      }


MODULE INFORMATION:   STATIC OVERLAYABLE
   CODE SIZE        =     60    ----
   CONSTANT SIZE    =   ----    ----
   XDATA SIZE       =   ----    ----
   PDATA SIZE       =   ----    ----
   DATA SIZE        =   ----    ----
   IDATA SIZE       =   ----    ----
   BIT SIZE         =   ----    ----
END OF MODULE INFORMATION.


C51 COMPILATION COMPLETE.  0 WARNING(S),  0 ERROR(S)
