C51 COMPILER V9.54   MAIN                                                                  12/02/2024 21:49:39 PAGE 1   


C51 COMPILER V9.54, COMPILATION OF MODULE MAIN
OBJECT MODULE PLACED IN .\Objects\main.obj
COMPILER INVOKED BY: C:\Keil_v5\C51\BIN\C51.EXE main.c OPTIMIZE(8,SPEED) BROWSE DEBUG OBJECTEXTEND PRINT(.\Listings\main
                    -.lst) TABS(2) OBJECT(.\Objects\main.obj)

line level    source

   1          #include <REGX52.H>
   2          #include "delay.h"
   3          #include "Timer0.h"
   4          
   5          
   6          sbit Buzzer = P2^5;
   7          
   8          unsigned int code FreqTable[] = {
   9            63777,63872,63969,64054,64140,64216,64291,64360,64426,64489,64547,64603,
  10            64655,64704,64751,64795,64837,64876,64913,64948,64981,65012,65042,65070,
  11            65095,65120,65144,65166,65186,65206,65225,65242,65259,65274,65289,65303,
  12            00001
  13          };
  14          
  15          unsigned char code Music[] = {
  16            28,4,
  17            26,2,
  18            24,4,
  19            26,2,//1,1
  20            28,2,
  21            28,1,
  22            29,1,
  23            28,2,
  24            26,4+2,//2
  25            28,4,
  26            26,2,
  27            24,4,
  28            26,2,//3
  29            28,2+1,
  30            29,1,
  31            28,2,
  32            26,4+2,//4
  33            28,4,
  34            26,2,
  35            24,4,
  36            26,2,//1,2
  37            28,2,
  38            28,1,
  39            29,1,
  40            28,2,
  41            26,4,
  42            26,2,//2
  43            28,4,
  44            26,2,
  45            24,4+2,//3
  46            28,2+1,
  47            29,1,
  48            28,2,
  49            26,4,
  50            12,1,
  51            12,1,//4
  52            16,2,
  53            16,2,
  54            14,2,
C51 COMPILER V9.54   MAIN                                                                  12/02/2024 21:49:39 PAGE 2   

  55            17,2,
  56            16,2,
  57            14,2,//1,3
  58            14,2,
  59            14,2,
  60            12,1,
  61            12,1,
  62            17,2,
  63            16,2,
  64            14,2,//2
  65            14,4,
  66            12,1,
  67            14,1,
  68            16,4+2,//3
  69            36,4+2,
  70            16,2,
  71            19,2,
  72            24,2,//4
  73            23,4,
  74            24,2,
  75            23,4,
  76            24,2,//1,4
  77            23,1,
  78            21,1,
  79            19,4,
  80            19,2,
  81            14,2,
  82            16,2,//2
  83            17,4,
  84            16,2,
  85            16,4,
  86            7,2,//3
  87            17,2,
  88            16,2,
  89            14,2,
  90            16,4,
  91            19,2,//4
  92            12,4+2,
  93            36,4,
  94            // 12,2,//1,5
  95          
  96          };
  97          
  98          unsigned char FreqSelect,MusicSelect;
  99          
 100          void main()
 101          {
 102   1        Timer0Init();
 103   1        while(1)
 104   1        {
 105   2          FreqSelect = Music[MusicSelect];
 106   2          MusicSelect++;
 107   2          Delay(125*Music[MusicSelect]);
 108   2          MusicSelect++;
 109   2          TR0 = 0;
 110   2          Delay(5);
 111   2          TR0 = 1;
 112   2        }
 113   1      }
 114          
 115          void Timer0_Routine() interrupt 1
 116          {
C51 COMPILER V9.54   MAIN                                                                  12/02/2024 21:49:39 PAGE 3   

 117   1        TL0 = FreqTable[FreqSelect] % 256; 
 118   1        TH0 = FreqTable[FreqSelect] / 256;
 119   1        Buzzer =!Buzzer;
 120   1      }


MODULE INFORMATION:   STATIC OVERLAYABLE
   CODE SIZE        =     91    ----
   CONSTANT SIZE    =    230    ----
   XDATA SIZE       =   ----    ----
   PDATA SIZE       =   ----    ----
   DATA SIZE        =      2    ----
   IDATA SIZE       =   ----    ----
   BIT SIZE         =   ----    ----
END OF MODULE INFORMATION.


C51 COMPILATION COMPLETE.  0 WARNING(S),  0 ERROR(S)
