C51 COMPILER V9.54   NIXIE                                                                 12/02/2024 20:38:33 PAGE 1   


C51 COMPILER V9.54, COMPILATION OF MODULE NIXIE
OBJECT MODULE PLACED IN .\Objects\nixie.obj
COMPILER INVOKED BY: C:\Keil_v5\C51\BIN\C51.EXE nixie.c OPTIMIZE(8,SPEED) BROWSE DEBUG OBJECTEXTEND PRINT(.\Listings\nix
                    -ie.lst) TABS(2) OBJECT(.\Objects\nixie.obj)

line level    source

   1          #include <REGX52.H>
   2          #include "delay.h"
   3          
   4          unsigned char NixieCode[] = {0x3F, 0x06, 0x5B, 0x4F, 0x66, 0x6D, 0x7D, 0x07, 0x7F, 0x6F,0x00};
   5          
   6          void Nixie(unsigned char Location, unsigned char Num)
   7          {
   8   1          Location = 8 - Location;
   9   1          P2_2 = Location & 0x01;
  10   1          P2_3 = (Location >> 1) & 0x01;
  11   1          P2_4 = (Location >> 2) & 0x01;
  12   1          P0 = NixieCode[Num];
  13   1          // Delay(1);
  14   1          // P0 = 0x00;
  15   1      }


MODULE INFORMATION:   STATIC OVERLAYABLE
   CODE SIZE        =     30    ----
   CONSTANT SIZE    =   ----    ----
   XDATA SIZE       =   ----    ----
   PDATA SIZE       =   ----    ----
   DATA SIZE        =     11    ----
   IDATA SIZE       =   ----    ----
   BIT SIZE         =   ----    ----
END OF MODULE INFORMATION.


C51 COMPILATION COMPLETE.  0 WARNING(S),  0 ERROR(S)
