C51 COMPILER V9.54   KEY                                                                   12/06/2024 18:46:26 PAGE 1   


C51 COMPILER V9.54, COMPILATION OF MODULE KEY
OBJECT MODULE PLACED IN .\Objects\Key.obj
COMPILER INVOKED BY: C:\Keil_v5\C51\BIN\C51.EXE Key.c OPTIMIZE(8,SPEED) BROWSE DEBUG OBJECTEXTEND PRINT(.\Listings\Key.l
                    -st) TABS(2) OBJECT(.\Objects\Key.obj)

line level    source

   1          #include <REGX52.H>
   2          #include "delay.h"
   3          
   4          unsigned char Key_KeyNumber;
   5          
   6          unsigned char Key(void)
   7          {
   8   1          unsigned char Temp = 0;
   9   1          Temp = Key_KeyNumber;
  10   1          Key_KeyNumber = 0;
  11   1          return Temp;
  12   1      }
  13          /*
  14              *@brief 获取独立按键键码
  15              *@param 无
  16              *@retval 按下按键的键码，范围：1-4，无按键按下返回0
  17          */
  18          unsigned char Key_GetState()
  19          {
  20   1          unsigned char KeyNumber = 0;
  21   1      
  22   1          if(P3_1 == 0){KeyNumber = 1;}
  23   1          if(P3_0 == 0){KeyNumber = 2;}
  24   1          if(P3_2 == 0){KeyNumber = 3;}
  25   1          if(P3_3 == 0){KeyNumber = 4;}
  26   1      
  27   1          return KeyNumber;
  28   1      }
  29          
  30          void Key_Loop(void)
  31          {
  32   1          static unsigned char NowState,LastState;
  33   1          LastState = NowState;
  34   1          NowState = Key_GetState();
  35   1          if (LastState != 0 && NowState == 0)
  36   1          {
  37   2              Key_KeyNumber = LastState;
  38   2          }
  39   1          // if (LastState == 1 && NowState == 0)
  40   1          // {
  41   1          //     Key_KeyNumber = 1;
  42   1          // }
  43   1          // if (LastState == 2 && NowState == 0)
  44   1          // {
  45   1          //     Key_KeyNumber = 2;
  46   1          // }
  47   1          // if (LastState == 3 && NowState == 0)
  48   1          // {
  49   1          //     Key_KeyNumber = 3;
  50   1          // }
  51   1          // if (LastState == 4 && NowState == 0)
  52   1          // {
  53   1          //     Key_KeyNumber = 4;
  54   1          // }
C51 COMPILER V9.54   KEY                                                                   12/06/2024 18:46:26 PAGE 2   

  55   1      }


MODULE INFORMATION:   STATIC OVERLAYABLE
   CODE SIZE        =     48    ----
   CONSTANT SIZE    =   ----    ----
   XDATA SIZE       =   ----    ----
   PDATA SIZE       =   ----    ----
   DATA SIZE        =      3    ----
   IDATA SIZE       =   ----    ----
   BIT SIZE         =   ----    ----
END OF MODULE INFORMATION.


C51 COMPILATION COMPLETE.  0 WARNING(S),  0 ERROR(S)
