C51 COMPILER V9.54   ONEWIRE                                                               12/06/2024 19:57:48 PAGE 1   


C51 COMPILER V9.54, COMPILATION OF MODULE ONEWIRE
OBJECT MODULE PLACED IN .\Objects\OneWire.obj
COMPILER INVOKED BY: C:\Keil_v5\C51\BIN\C51.EXE OneWire.c OPTIMIZE(8,SPEED) BROWSE DEBUG OBJECTEXTEND PRINT(.\Listings\O
                    -neWire.lst) TABS(2) OBJECT(.\Objects\OneWire.obj)

line level    source

   1          #include <REGX52.H>
   2          
   3          sbit OneWire_DQ = P3^7;
   4          
   5          unsigned char OneWire_Init(void)
   6          {
   7   1        unsigned char i;
   8   1          unsigned char AckBit;
   9   1          OneWire_DQ = 1;
  10   1          OneWire_DQ = 0;
  11   1        i = 227;while (--i); //Delay 500us
  12   1          OneWire_DQ = 1;
  13   1        i = 29;while (--i); //Delay 70us
  14   1          AckBit = OneWire_DQ;
  15   1          i = 227;while (--i); //Delay 500us
  16   1          return AckBit;
  17   1      }
  18          void OneWire_SendBit(unsigned char Bit)
  19          {
  20   1          unsigned char i;
  21   1          OneWire_DQ = 0;
  22   1        i = 4;while (--i); //Delay 10us
  23   1          OneWire_DQ = Bit;
  24   1          i = 23;while (--i); //Delay 50us
  25   1          OneWire_DQ = 1;
  26   1      }
  27          
  28          unsigned char OneWire_ReceiveBit(void)
  29          {
  30   1          unsigned char i;
  31   1          unsigned char Bit;
  32   1          // OneWire_DQ = 1;
  33   1          OneWire_DQ = 0;
  34   1        i = 2;while (--i); //Delay 5us
  35   1          OneWire_DQ = 1;
  36   1        i = 2;while (--i); //Delay 5us
  37   1          Bit = OneWire_DQ;
  38   1          i = 23;while (--i); //Delay 50us
  39   1          return Bit;
  40   1      }
  41          
  42          void OneWire_SendByte(unsigned char Byte)
  43          {
  44   1          unsigned char i;
  45   1          for(i=0;i<8;i++)
  46   1          {
  47   2              OneWire_SendBit(Byte & (0x01 << i));
  48   2          }
  49   1      }
  50          
  51          unsigned char OneWire_ReceiveByte(void)
  52          {
  53   1          unsigned char i;
  54   1          unsigned char Byte=0x00;
C51 COMPILER V9.54   ONEWIRE                                                               12/06/2024 19:57:48 PAGE 2   

  55   1          for(i=0;i<8;i++)
  56   1          {
  57   2              Byte |= OneWire_ReceiveBit() << i;    //前函数未上拉
  58   2              // if(OneWire_ReceiveBit()) Byte |= (0x01<<i);
  59   2          }
  60   1          return Byte;
  61   1      }


MODULE INFORMATION:   STATIC OVERLAYABLE
   CODE SIZE        =    118    ----
   CONSTANT SIZE    =   ----    ----
   XDATA SIZE       =   ----    ----
   PDATA SIZE       =   ----    ----
   DATA SIZE        =   ----    ----
   IDATA SIZE       =   ----    ----
   BIT SIZE         =   ----    ----
END OF MODULE INFORMATION.


C51 COMPILATION COMPLETE.  0 WARNING(S),  0 ERROR(S)
