C51 COMPILER V9.54   MAIN                                                                  12/06/2024 21:56:12 PAGE 1   


C51 COMPILER V9.54, COMPILATION OF MODULE MAIN
OBJECT MODULE PLACED IN .\Objects\main.obj
COMPILER INVOKED BY: C:\Keil_v5\C51\BIN\C51.EXE main.c OPTIMIZE(8,SPEED) BROWSE DEBUG OBJECTEXTEND PRINT(.\Listings\main
                    -.lst) TABS(2) OBJECT(.\Objects\main.obj)

line level    source

   1          #include <REGX52.H>
   2          #include "LCD1602.h"
   3          #include "DS18B20.h"
   4          #include "delay.h"
   5          #include "Key.h"
   6          #include "Timer0.h"
   7          #include "AT24C02.h"
   8          
   9          float T,TShow;
  10          char TLow,THigh;
  11          unsigned char KeyNum;
  12          
  13          void main()
  14          {
  15   1        DS18B20_ConverT();
  16   1        Delay(1000);
  17   1        THigh = AT24C02_ReadByte(0);
  18   1        TLow = AT24C02_ReadByte(1);
  19   1        if(THigh>125 || TLow<-55 || THigh<=TLow)
  20   1        {
  21   2          THigh = 20;
  22   2          TLow = 15;
  23   2        }
  24   1        // Timer0_Init();
  25   1        LCD_Init();
  26   1        LCD_ShowString(1,1,"T:");
  27   1        LCD_ShowString(2,1,"TH:");
  28   1        LCD_ShowString(2,9,"TL:");
  29   1        LCD_ShowSignedNum(2,4,THigh,3);
  30   1        LCD_ShowSignedNum(2,12,TLow,3);
  31   1        while(1)
  32   1        {
  33   2          KeyNum = Key();
  34   2          /*温度读取及显示*/
  35   2          DS18B20_ConverT();
  36   2          T = DS18B20_ReadT();
  37   2          if(T < 0)
  38   2          {
  39   3            LCD_ShowString(1,3,"-");
  40   3            TShow = -T;
  41   3          }
  42   2          else
  43   2          {
  44   3            LCD_ShowString(1,3,"+");
  45   3            TShow = T;
  46   3          }
  47   2          LCD_ShowNum(1,4,TShow,3);
  48   2          LCD_ShowChar(1,7,'.');
  49   2          LCD_ShowNum(1,8,(unsigned long)(TShow*100)%100,2);
  50   2          /*阈值判断及显示*/
  51   2          if(KeyNum)
  52   2          {
  53   3            if(KeyNum == 1)
  54   3            {
C51 COMPILER V9.54   MAIN                                                                  12/06/2024 21:56:12 PAGE 2   

  55   4              THigh++;
  56   4              if(THigh > 125){THigh = 125;}
  57   4            }
  58   3            if(KeyNum == 2)
  59   3            {
  60   4              THigh--;
  61   4              if(THigh <= TLow){THigh++;}
  62   4      
  63   4            }
  64   3            if(KeyNum == 3)
  65   3            {
  66   4              TLow++;
  67   4              if(TLow >= THigh){TLow--;}
  68   4            }
  69   3            if(KeyNum == 4)
  70   3            {
  71   4              TLow--;
  72   4              if(TLow < -55){TLow = -55;}
  73   4            }
  74   3            LCD_ShowSignedNum(2,4,THigh,3);
  75   3            LCD_ShowSignedNum(2,12,TLow,3);
  76   3            AT24C02_WriteByte(0,THigh);
  77   3            Delay(5);
  78   3            AT24C02_WriteByte(1,TLow);
  79   3            Delay(5);
  80   3          }
  81   2          if(T > THigh)
  82   2          {
  83   3            LCD_ShowString(1,13,"OV:H");
  84   3          }
  85   2          else if(T<TLow)
  86   2          {
  87   3            LCD_ShowString(1,13,"OV:L");
  88   3          }
  89   2          else
  90   2          {
  91   3            LCD_ShowString(1,13,"    ");
  92   3          }
  93   2          Key_Loop();
  94   2        }
  95   1      
  96   1      }
  97          
  98          // void Timer0_Routine() interrupt 1
  99          // {
 100          //  static unsigned int T0Count;
 101          //  TL0 = 0x66; 
 102          //  TH0 = 0xFC;
 103          //  T0Count++;
 104          //  if(T0Count >= 20)
 105          //  {
 106          //    T0Count = 0;
 107          //    Key_Loop();
 108          //  }
 109          // }


MODULE INFORMATION:   STATIC OVERLAYABLE
   CODE SIZE        =    537    ----
   CONSTANT SIZE    =     30    ----
   XDATA SIZE       =   ----    ----
   PDATA SIZE       =   ----    ----
C51 COMPILER V9.54   MAIN                                                                  12/06/2024 21:56:12 PAGE 3   

   DATA SIZE        =     11    ----
   IDATA SIZE       =   ----    ----
   BIT SIZE         =   ----    ----
END OF MODULE INFORMATION.


C51 COMPILATION COMPLETE.  0 WARNING(S),  0 ERROR(S)
