C51 COMPILER V9.54   MAIN                                                                  12/02/2024 20:54:56 PAGE 1   


C51 COMPILER V9.54, COMPILATION OF MODULE MAIN
OBJECT MODULE PLACED IN .\Objects\main.obj
COMPILER INVOKED BY: C:\Keil_v5\C51\BIN\C51.EXE main.c OPTIMIZE(8,SPEED) BROWSE DEBUG OBJECTEXTEND PRINT(.\Listings\main
                    -.lst) TABS(2) OBJECT(.\Objects\main.obj)

line level    source

   1          #include <REGX52.H>
   2          #include "delay.h"
   3          // #include "Timer0.h"
   4          #include "Key.h"
   5          #include "nixie.h"
   6          #include "Buzzer.h"
   7          
   8          sbit Buzzer = P2^5;
   9          
  10          unsigned char KeyNum;
  11          unsigned int i;
  12          
  13          void main()
  14          {
  15   1        Nixie(1,0);
  16   1        while(1)
  17   1        {
  18   2          KeyNum = Key();
  19   2          if(KeyNum)
  20   2          {
  21   3            Buzzer_Time(100);
  22   3            Nixie(1,KeyNum);
  23   3          }
  24   2        }
  25   1      }


MODULE INFORMATION:   STATIC OVERLAYABLE
   CODE SIZE        =     32    ----
   CONSTANT SIZE    =   ----    ----
   XDATA SIZE       =   ----    ----
   PDATA SIZE       =   ----    ----
   DATA SIZE        =      3    ----
   IDATA SIZE       =   ----    ----
   BIT SIZE         =   ----    ----
END OF MODULE INFORMATION.


C51 COMPILATION COMPLETE.  0 WARNING(S),  0 ERROR(S)
