C51 COMPILER V9.54   TIMER0                                                                11/27/2024 21:49:44 PAGE 1   


C51 COMPILER V9.54, COMPILATION OF MODULE TIMER0
OBJECT MODULE PLACED IN .\Objects\Timer0.obj
COMPILER INVOKED BY: C:\Keil_v5\C51\BIN\C51.EXE Timer0.c OPTIMIZE(8,SPEED) BROWSE DEBUG OBJECTEXTEND PRINT(.\Listings\Ti
                    -mer0.lst) TABS(2) OBJECT(.\Objects\Timer0.obj)

line level    source

   1          #include <REGX52.H>
   2          
   3          /*
   4              *@brief 定时器0初始化
   5              *@param 无
   6              *@retval 无
   7          */
   8          void Timer0Init()
   9          {
  10   1        TMOD &= 0xF0; //清除低四位
  11   1        TMOD |= 0x01; //设置定时器模式1,16位定时器模式
  12   1        TF0 = 0;          //清除TF0标志
  13   1        TR0 = 1;          //启动定时器
  14   1        TL0 = 0x66;   //设置定时初值低字节
  15   1        TH0 = 0xFC;   //设置定时初值高字节
  16   1        ET0 = 1;          //启用定时器0中断
  17   1        EA = 1;           //启用总中断
  18   1        PT0 = 0;          //设置定时器0中断优先级为低
  19   1      }
  20          
  21          /* @template
  22          void Timer0_Routine() interrupt 1
  23          {
  24            static unsigned int T0Count;
  25            TL0 = 0x66; 
  26            TH0 = 0xFC;
  27            T0Count++;
  28            if(T0Count > 1000) //1000ms
  29            {
  30              T0Count = 0;
  31              //要运行的命令
  32            }
  33          }
  34          */


MODULE INFORMATION:   STATIC OVERLAYABLE
   CODE SIZE        =     23    ----
   CONSTANT SIZE    =   ----    ----
   XDATA SIZE       =   ----    ----
   PDATA SIZE       =   ----    ----
   DATA SIZE        =   ----    ----
   IDATA SIZE       =   ----    ----
   BIT SIZE         =   ----    ----
END OF MODULE INFORMATION.


C51 COMPILATION COMPLETE.  0 WARNING(S),  0 ERROR(S)
