C51 COMPILER V9.54   MAIN                                                                  11/29/2024 19:18:17 PAGE 1   


C51 COMPILER V9.54, COMPILATION OF MODULE MAIN
OBJECT MODULE PLACED IN .\Objects\main.obj
COMPILER INVOKED BY: C:\Keil_v5\C51\BIN\C51.EXE main.c OPTIMIZE(8,SPEED) BROWSE DEBUG OBJECTEXTEND PRINT(.\Listings\main
                    -.lst) TABS(2) OBJECT(.\Objects\main.obj)

line level    source

   1          #include <REGX52.H>
   2          #include "Timer0.h"
   3          #include "Key.h"
   4          #include <INTRINS.H>
   5          
   6          unsigned char KeyNum,LEDMode;
   7          
   8          void main()
   9          {
  10   1        P2 = 0xFE;
  11   1      
  12   1        Timer0Init();
  13   1        while(1)
  14   1        {
  15   2          KeyNum=Key();
  16   2          if(KeyNum)
  17   2          {
  18   3            LEDMode++;
  19   3            if(LEDMode >= 1) LEDMode = 0;
  20   3      
  21   3          }
  22   2        }
  23   1      }
  24          
  25          void Timer0_Routine() interrupt 1
  26          {
  27   1        static unsigned int T0Count;
  28   1        TH0 = 0xFC;
  29   1        TL0 = 0x66; 
  30   1        T0Count++;
  31   1        if(T0Count > 500)
  32   1        {
  33   2          T0Count = 0;
  34   2          if(LEDMode == 0) P2 = _crol_(P2,1);
  35   2          if(LEDMode == 1) P2 = _cror_(P2,1);
  36   2        }
  37   1      }


MODULE INFORMATION:   STATIC OVERLAYABLE
   CODE SIZE        =    113    ----
   CONSTANT SIZE    =   ----    ----
   XDATA SIZE       =   ----    ----
   PDATA SIZE       =   ----    ----
   DATA SIZE        =      4    ----
   IDATA SIZE       =   ----    ----
   BIT SIZE         =   ----    ----
END OF MODULE INFORMATION.


C51 COMPILATION COMPLETE.  0 WARNING(S),  0 ERROR(S)
