C51 COMPILER V9.54   MAIN                                                                  11/19/2024 20:20:41 PAGE 1   


C51 COMPILER V9.54, COMPILATION OF MODULE MAIN
OBJECT MODULE PLACED IN .\Objects\main.obj
COMPILER INVOKED BY: C:\Keil_v5\C51\BIN\C51.EXE main.c OPTIMIZE(8,SPEED) BROWSE DEBUG OBJECTEXTEND PRINT(.\Listings\main
                    -.lst) TABS(2) OBJECT(.\Objects\main.obj)

line level    source

   1          #include <REGX52.H>
   2          #include "LCD1602.h"
   3          #include "delay.h"
   4          #include "MatrixKey.h"
   5          
   6          unsigned char KeyNum;
   7          unsigned int Password,Count;
   8          
   9          void main()
  10          {
  11   1          LCD_Init();
  12   1          LCD_ShowString(1,1,"Password:");
  13   1          while(1)
  14   1          {
  15   2              KeyNum = MatrixKey();
  16   2              if(KeyNum)
  17   2              {
  18   3                  if(KeyNum <= 10)
  19   3                  {
  20   4                      if(Count < 4)
  21   4                      {
  22   5                          Password *= 10;
  23   5                          Password += KeyNum % 10;
  24   5                          Count++;
  25   5                      }
  26   4                      LCD_ShowNum(2,1,Password,4);
  27   4                  }
  28   3                  if(KeyNum == 11)
  29   3                  {
  30   4                      if(Password == 1234)
  31   4                      {
  32   5                          LCD_ShowString(1,14,"OK ");
  33   5                          Password = 0;
  34   5                          Count = 0;
  35   5                          LCD_ShowNum(2,1,Password,4);
  36   5                          LCD_ShowString(2,1,"    ");
  37   5                      }
  38   4                      else
  39   4                      {
  40   5                          LCD_ShowString(1,14,"ERR");
  41   5                          Password = 0;
  42   5                          Count = 0;
  43   5                          LCD_ShowNum(2,1,Password,4);
  44   5                          LCD_ShowString(2,1,"    ");
  45   5                      }
  46   4                  }
  47   3                  if(KeyNum == 12)
  48   3                  {
  49   4                      Password = 0;
  50   4                      Count = 0;
  51   4                      LCD_ShowNum(2,1,Password,4); 
  52   4                      LCD_ShowString(2,1,"    ");
  53   4                      LCD_ShowString(1,14,"   ");
  54   4                  }
C51 COMPILER V9.54   MAIN                                                                  11/19/2024 20:20:41 PAGE 2   

  55   3              }
  56   2          }
  57   1      }


MODULE INFORMATION:   STATIC OVERLAYABLE
   CODE SIZE        =    228    ----
   CONSTANT SIZE    =     27    ----
   XDATA SIZE       =   ----    ----
   PDATA SIZE       =   ----    ----
   DATA SIZE        =      5    ----
   IDATA SIZE       =   ----    ----
   BIT SIZE         =   ----    ----
END OF MODULE INFORMATION.


C51 COMPILATION COMPLETE.  0 WARNING(S),  0 ERROR(S)
