C51 COMPILER V9.54   DS1302                                                                11/27/2024 19:43:40 PAGE 1   


C51 COMPILER V9.54, COMPILATION OF MODULE DS1302
OBJECT MODULE PLACED IN .\Objects\DS1302.obj
COMPILER INVOKED BY: C:\Keil_v5\C51\BIN\C51.EXE DS1302.c OPTIMIZE(8,SPEED) BROWSE DEBUG OBJECTEXTEND PRINT(.\Listings\DS
                    -1302.lst) TABS(2) OBJECT(.\Objects\DS1302.obj)

line level    source

   1          #include <REGX52.H>
   2          // #include "delay.h"       // 若单片机速度过快，可加入延时
   3          
   4          sbit DS1302_SCLK = P3^6;
   5          sbit DS1302_IO = P3^4;
   6          sbit DS1302_CE = P3^5;
   7          
   8          unsigned char DS1302_Time_DEC[7] = {24,2,29,23,59,55,4}; //DEC
   9          unsigned char DS1302_Time_BCD[7] = {0,0,0,0,0,0,0}; //BCD
  10          unsigned char DS1302_RegRead[7] = {0x8D,0x89,0x87,0x85,0x83,0x81,0x8B};
  11          unsigned char DS1302_RegWrite[7] = {0x8C,0x88,0x86,0x84,0x82,0x80,0x8A};
  12          
  13          void DS1302_Init(void)
  14          {
  15   1          DS1302_CE = 0;
  16   1          DS1302_SCLK = 0;
  17   1      }
  18          
  19          void DS1302_WriteByte(unsigned char Command,Data)
  20          {
  21   1          unsigned char i;
  22   1          DS1302_CE = 1;
  23   1          for(i = 0; i < 8; i++)
  24   1          {
  25   2              DS1302_IO = Command & (0x01 << i);
  26   2              DS1302_SCLK = 1;
  27   2              // Delay(1);    // 若单片机速度过快，可加入延时
  28   2              DS1302_SCLK = 0;
  29   2          }
  30   1          for(i = 0; i < 8; i++)
  31   1          {
  32   2              DS1302_IO = Data & (0x01 << i);
  33   2              DS1302_SCLK = 1;
  34   2              // Delay(1);    // 若单片机速度过快，可加入延时
  35   2              DS1302_SCLK = 0;
  36   2          }
  37   1          DS1302_CE = 0;
  38   1      }
  39          
  40          unsigned char DS1302_ReadByte(unsigned char Command)
  41          {
  42   1          unsigned char i, Data = 0x00;
  43   1          DS1302_CE = 1;
  44   1          for(i = 0; i < 8; i++)
  45   1          {
  46   2              DS1302_IO = Command & (0x01 << i);
  47   2              DS1302_SCLK = 0;
  48   2              // Delay(1);    // 若单片机速度过快，可加入延时
  49   2              DS1302_SCLK = 1;
  50   2          }
  51   1          for(i = 0; i < 8; i++)
  52   1          {
  53   2              DS1302_SCLK = 1;
  54   2              // Delay(1);    // 若单片机速度过快，可加入延时
C51 COMPILER V9.54   DS1302                                                                11/27/2024 19:43:40 PAGE 2   

  55   2              DS1302_SCLK = 0;
  56   2              if(DS1302_IO){Data |= (0x01 << i);}
  57   2          }
  58   1          DS1302_CE = 0;
  59   1          DS1302_IO = 0;
  60   1          return Data;
  61   1      }
  62          
  63          //8C 88 86 84 82 80 8A
  64          void DS1302_SetTime(void)
  65          {
  66   1          unsigned char i;
  67   1          DS1302_WriteByte(0x8E, 0x00);
  68   1          for(i = 0; i < 7; i++)
  69   1          {
  70   2              DS1302_Time_BCD[i] = DS1302_Time_DEC[i] / 10 * 16 + DS1302_Time_DEC[i] % 10;    //DEC TO BCD
  71   2              DS1302_WriteByte(DS1302_RegWrite[i], DS1302_Time_BCD[i]);
  72   2          }
  73   1      }
  74          
  75          void DS1302_ReadTime(void)
  76          {
  77   1          unsigned char i;
  78   1          for(i = 0; i < 7; i++)
  79   1          {
  80   2              DS1302_Time_BCD[i] = DS1302_ReadByte(DS1302_RegRead[i]);
  81   2              DS1302_Time_DEC[i] = DS1302_Time_BCD[i] / 16 * 10 + DS1302_Time_BCD[i] % 16;    //BCD TO DEC
  82   2          }
  83   1      }


MODULE INFORMATION:   STATIC OVERLAYABLE
   CODE SIZE        =    275    ----
   CONSTANT SIZE    =   ----    ----
   XDATA SIZE       =   ----    ----
   PDATA SIZE       =   ----    ----
   DATA SIZE        =     28       2
   IDATA SIZE       =   ----    ----
   BIT SIZE         =   ----    ----
END OF MODULE INFORMATION.


C51 COMPILATION COMPLETE.  0 WARNING(S),  0 ERROR(S)
