C51 COMPILER V9.54   DELAY                                                                 12/11/2024 21:27:17 PAGE 1   


C51 COMPILER V9.54, COMPILATION OF MODULE DELAY
OBJECT MODULE PLACED IN .\Objects\delay.obj
COMPILER INVOKED BY: C:\Keil_v5\C51\BIN\C51.EXE delay.c OPTIMIZE(8,SPEED) BROWSE DEBUG OBJECTEXTEND PRINT(.\Listings\del
                    -ay.lst) TABS(2) OBJECT(.\Objects\delay.obj)

line level    source

   1          // //延时函数
   2          // void Delay(unsigned int xms)   //@11.0592MHz
   3          // {
   4          //     unsigned char i, j;
   5          //     while(xms)
   6          //     {
   7          //         i = 2;
   8          //         j = 199;
   9          //         do
  10          //         {
  11          //             while (--j);
  12          //         } while (--i);
  13          //         xms--;
  14          //     }
  15          // }
  16          
  17          void Delay(unsigned int xms)
  18          {
  19   1        unsigned char i, j;
  20   1        while(xms--)
  21   1        {
  22   2          i = 2;
  23   2          j = 239;
  24   2          do
  25   2          {
  26   3            while (--j);
  27   3          } while (--i);
  28   2        }
  29   1      }
  30          


MODULE INFORMATION:   STATIC OVERLAYABLE
   CODE SIZE        =     21    ----
   CONSTANT SIZE    =   ----    ----
   XDATA SIZE       =   ----    ----
   PDATA SIZE       =   ----    ----
   DATA SIZE        =   ----    ----
   IDATA SIZE       =   ----    ----
   BIT SIZE         =   ----    ----
END OF MODULE INFORMATION.


C51 COMPILATION COMPLETE.  0 WARNING(S),  0 ERROR(S)
