C51 COMPILER V9.54   TIMER1                                                                12/11/2024 21:27:18 PAGE 1   


C51 COMPILER V9.54, COMPILATION OF MODULE TIMER1
OBJECT MODULE PLACED IN .\Objects\Timer1.obj
COMPILER INVOKED BY: C:\Keil_v5\C51\BIN\C51.EXE Timer1.c OPTIMIZE(8,SPEED) BROWSE DEBUG OBJECTEXTEND PRINT(.\Listings\Ti
                    -mer1.lst) TABS(2) OBJECT(.\Objects\Timer1.obj)

line level    source

   1          #include <REGX52.H>
   2          
   3          /*
   4              *@brief 定时器0初始化
   5              *@param 无
   6              *@retval 无
   7          */
   8          void Timer1_Init()
   9          {
  10   1        TMOD &= 0x0F; //清除低四位
  11   1        TMOD |= 0x10; //设置定时器模式1,16位定时器模式
  12   1        TF1 = 0;          //清除TF1标志
  13   1        TR1 = 1;          //启动定时器
  14   1        TL1 = 0xA4;   //设置定时初值低字节
  15   1        TH1 = 0xFF;   //设置定时初值高字节
  16   1        ET1 = 1;          //启用定时器1中断
  17   1        EA = 1;           //启用总中断
  18   1        PT1 = 0;          //设置定时器1中断优先级为低
  19   1      }
  20          
  21          /* @template
  22          void Timer1_Routine() interrupt 3
  23          {
  24            static unsigned int T1Count;
  25            TL1 = 0x66; 
  26            TH1 = 0xFC;
  27            T1Count++;
  28            if(T1Count > 1000) //1000ms
  29            {
  30              T1Count = 0;
  31              //要运行的命令
  32            }
  33          }
  34          */


MODULE INFORMATION:   STATIC OVERLAYABLE
   CODE SIZE        =     23    ----
   CONSTANT SIZE    =   ----    ----
   XDATA SIZE       =   ----    ----
   PDATA SIZE       =   ----    ----
   DATA SIZE        =   ----    ----
   IDATA SIZE       =   ----    ----
   BIT SIZE         =   ----    ----
END OF MODULE INFORMATION.


C51 COMPILATION COMPLETE.  0 WARNING(S),  0 ERROR(S)
