C51 COMPILER V9.54   MAIN                                                                  11/06/2024 13:22:30 PAGE 1   


C51 COMPILER V9.54, COMPILATION OF MODULE MAIN
OBJECT MODULE PLACED IN .\Objects\main.obj
COMPILER INVOKED BY: C:\Keil_v5\C51\BIN\C51.EXE main.c OPTIMIZE(8,SPEED) BROWSE DEBUG OBJECTEXTEND PRINT(.\Listings\main
                    -.lst) TABS(2) OBJECT(.\Objects\main.obj)

line level    source

   1          #include <REGX52.H>
   2          
   3          unsigned char NixieCode[] = {0x3F, 0x06, 0x5B, 0x4F, 0x66, 0x6D, 0x7D, 0x07, 0x7F, 0x6F};
   4          
   5          void Delay(unsigned int xms)    //@11.0592MHz
   6          {
   7   1        unsigned char i, j;
   8   1        while(xms)
   9   1        {
  10   2      //  _nop_();
  11   2          i = 2;
  12   2          j = 199;
  13   2          do
  14   2          {
  15   3            while (--j);
  16   3            } while (--i);
  17   2          xms--;
  18   2      
  19   2        }
  20   1      }
  21          
  22          void Nixie(unsigned char Location, unsigned char Num)
  23          {
  24   1          P2_2=Location&0x01;
  25   1          P2_3=(Location>>1)&0x01;
  26   1          P2_4=(Location>>2)&0x01;
  27   1          P0=NixieCode[Num];
  28   1          Delay(1);
  29   1          P0=0x00;
  30   1      }
  31          
  32          void main()
  33          {
  34   1      
  35   1          while(1)
  36   1          {
  37   2            Nixie(7,1);
  38   2      //      Delay(1);
  39   2            Nixie(6,2);
  40   2      //      Delay(1);
  41   2            Nixie(5,3);
  42   2      //      Delay(1);
  43   2          }
  44   1      }


MODULE INFORMATION:   STATIC OVERLAYABLE
   CODE SIZE        =     79    ----
   CONSTANT SIZE    =   ----    ----
   XDATA SIZE       =   ----    ----
   PDATA SIZE       =   ----    ----
   DATA SIZE        =     10    ----
   IDATA SIZE       =   ----    ----
   BIT SIZE         =   ----    ----
C51 COMPILER V9.54   MAIN                                                                  11/06/2024 13:22:30 PAGE 2   

END OF MODULE INFORMATION.


C51 COMPILATION COMPLETE.  0 WARNING(S),  0 ERROR(S)
