C51 COMPILER V9.54   MAIN                                                                  11/21/2024 19:36:43 PAGE 1   


C51 COMPILER V9.54, COMPILATION OF MODULE MAIN
OBJECT MODULE PLACED IN .\Objects\main.obj
COMPILER INVOKED BY: C:\Keil_v5\C51\BIN\C51.EXE main.c OPTIMIZE(8,SPEED) BROWSE DEBUG OBJECTEXTEND PRINT(.\Listings\main
                    -.lst) TABS(2) OBJECT(.\Objects\main.obj)

line level    source

   1          #include <REGX52.H>
   2          #include "delay.h"
   3          #include "LCD1602.h"
   4          #include "Timer0.h"
   5          
   6          unsigned char Sec = 55,Min = 59,Hour = 23;
   7          
   8          void main()
   9          {
  10   1          LCD_Init();
  11   1          Timer0Init();
  12   1          LCD_ShowString(1,1,"Clock:");
  13   1          LCD_ShowString(2,6,":");
  14   1          LCD_ShowString(2,3,":");
  15   1      
  16   1      
  17   1      
  18   1          while(1)
  19   1          {
  20   2              LCD_ShowNum(2,7,Sec,2);
  21   2              LCD_ShowNum(2,4,Min,2);
  22   2              LCD_ShowNum(2,1,Hour,2);
  23   2      
  24   2              if(Sec >= 60)
  25   2              {
  26   3                  Sec = 0;
  27   3                  Min++;
  28   3              }
  29   2              if(Min >= 60)
  30   2              {
  31   3                  Min = 0;
  32   3                  Hour++;
  33   3              }
  34   2              if(Hour >= 24) Hour = 0;
  35   2          }
  36   1      }
  37          
  38          void Timer0_Routine() interrupt 1
  39          {
  40   1        static unsigned int T0Count;
  41   1        TH0 = 0xFC;
  42   1        TL0 = 0x66; 
  43   1        T0Count++;
  44   1        if(T0Count >= 1000)
  45   1        {
  46   2          T0Count = 0;
  47   2          Sec++;
  48   2        }
  49   1      }


MODULE INFORMATION:   STATIC OVERLAYABLE
   CODE SIZE        =    166    ----
   CONSTANT SIZE    =      9    ----
C51 COMPILER V9.54   MAIN                                                                  11/21/2024 19:36:43 PAGE 2   

   XDATA SIZE       =   ----    ----
   PDATA SIZE       =   ----    ----
   DATA SIZE        =      5    ----
   IDATA SIZE       =   ----    ----
   BIT SIZE         =   ----    ----
END OF MODULE INFORMATION.


C51 COMPILATION COMPLETE.  0 WARNING(S),  0 ERROR(S)
