C51 COMPILER V9.54   MAIN                                                                  10/25/2024 22:32:50 PAGE 1   


C51 COMPILER V9.54, COMPILATION OF MODULE MAIN
OBJECT MODULE PLACED IN .\Objects\main.obj
COMPILER INVOKED BY: C:\Keil_v5\C51\BIN\C51.EXE main.c OPTIMIZE(8,SPEED) BROWSE DEBUG OBJECTEXTEND PRINT(.\Listings\main
                    -.lst) TABS(2) OBJECT(.\Objects\main.obj)

line level    source

   1          #include <REGX52.H>
   2          
   3          void Delay1ms(unsigned int xms)   //@11.0592MHz
   4          {
   5   1        unsigned char i, j;
   6   1        while(xms)
   7   1        {
   8   2          ;
   9   2          i = 2;
  10   2          j = 199;
  11   2          do
  12   2          {
  13   3            while (--j);
  14   3          } while (--i);
  15   2          xms--;
  16   2        }
  17   1      }
  18          
  19          
  20          void main()
  21          {
  22   1        while(1)
  23   1        {
  24   2          P2=0xFE;
  25   2          Delay1ms(500);
  26   2          P2=0xFD;
  27   2          Delay1ms(500);
  28   2          P2=0xFB;
  29   2          Delay1ms(500);
  30   2          P2=0xF7;
  31   2          Delay1ms(500);
  32   2          P2=0xEF;
  33   2          Delay1ms(500);
  34   2          P2=0xDF;
  35   2          Delay1ms(500);
  36   2          P2=0xBE;
  37   2          Delay1ms(500);
  38   2          P2=0x7F;
  39   2          Delay1ms(500);
  40   2        }
  41   1      }


MODULE INFORMATION:   STATIC OVERLAYABLE
   CODE SIZE        =     74    ----
   CONSTANT SIZE    =   ----    ----
   XDATA SIZE       =   ----    ----
   PDATA SIZE       =   ----    ----
   DATA SIZE        =   ----    ----
   IDATA SIZE       =   ----    ----
   BIT SIZE         =   ----    ----
END OF MODULE INFORMATION.


C51 COMPILATION COMPLETE.  0 WARNING(S),  0 ERROR(S)
