C51 COMPILER V9.54   MAIN                                                                  10/27/2024 20:36:13 PAGE 1   


C51 COMPILER V9.54, COMPILATION OF MODULE MAIN
OBJECT MODULE PLACED IN .\Objects\MAIN.obj
COMPILER INVOKED BY: C:\Keil_v5\C51\BIN\C51.EXE MAIN.c OPTIMIZE(8,SPEED) BROWSE DEBUG OBJECTEXTEND PRINT(.\Listings\MAIN
                    -.lst) TABS(2) OBJECT(.\Objects\MAIN.obj)

line level    source

   1          #include <REGX52.H>
   2          //#include <INTRINS.H>
   3          
   4          void Delay(unsigned int xms)    //@11.0592MHz
   5          {
   6   1        unsigned char i, j;
   7   1        while(xms)
   8   1        {
   9   2      //  _nop_();
  10   2          i = 2;
  11   2          j = 199;
  12   2          do
  13   2          {
  14   3            while (--j);
  15   3            } while (--i);
  16   2          xms--;
  17   2      
  18   2        }
  19   1      }
  20          
  21          /*unsigned char reverseBits(unsigned char num) {
  22              num = ((num & 0xF0) >> 4) | ((num & 0x0F) << 4);
  23              num = ((num & 0xCC) >> 2) | ((num & 0x33) << 2);
  24              num = ((num & 0xAA) >> 1) | ((num & 0x55) << 1);
  25              return num;
  26          }
  27          */
  28          
  29          void main()
  30          {
  31   1        unsigned char led_status = 0x00;
  32   1        P2 = ~led_status;
  33   1      //  P2 = reverseBits(~led_status);
  34   1        while(1)
  35   1        {
  36   2          if (P3_1==0)
  37   2          {
  38   3            Delay(20);
  39   3            while(P3_1==0);
  40   3            Delay(20);
  41   3            led_status++;
  42   3      //      P2 = reverseBits(~led_status);
  43   3            P2 = ~led_status;
  44   3          }
  45   2        }
  46   1      }


MODULE INFORMATION:   STATIC OVERLAYABLE
   CODE SIZE        =     52    ----
   CONSTANT SIZE    =   ----    ----
   XDATA SIZE       =   ----    ----
   PDATA SIZE       =   ----    ----
   DATA SIZE        =   ----    ----
C51 COMPILER V9.54   MAIN                                                                  10/27/2024 20:36:13 PAGE 2   

   IDATA SIZE       =   ----    ----
   BIT SIZE         =   ----    ----
END OF MODULE INFORMATION.


C51 COMPILATION COMPLETE.  0 WARNING(S),  0 ERROR(S)
