C51 COMPILER V9.54   MAIN                                                                  12/07/2024 21:29:05 PAGE 1   


C51 COMPILER V9.54, COMPILATION OF MODULE MAIN
OBJECT MODULE PLACED IN .\Objects\main.obj
COMPILER INVOKED BY: C:\Keil_v5\C51\BIN\C51.EXE main.c OPTIMIZE(8,SPEED) BROWSE DEBUG OBJECTEXTEND PRINT(.\Listings\main
                    -.lst) TABS(2) OBJECT(.\Objects\main.obj)

line level    source

   1          // #include <REGX52.H>
   2          // #include "delay.h"
   3          // #include "UART.h"
   4          
   5          // void main()
   6          // {
   7          //     UART_Init();
   8          //     UART_SendByte(0x41);
   9          //     while(1)
  10          //     {
  11          
  12          //     }
  13          // }
  14          
  15          // void UART_Routine() interrupt 4
  16          // {
  17          //     if(RI == 1)
  18          //     {
  19          //         P2 = ~SBUF;
  20          //         UART_SendByte(SBUF);
  21          //         RI = 0;
  22          //     }
  23          // }
  24          #include <REGX52.H>
  25          #include "Delay.h" 
  26          #include "UART.h"
  27          
  28          void main()
  29          {
  30   1          UART_Init();
  31   1          Delay(1);
  32   1          while(1)
  33   1          {
  34   2          
  35   2          }
  36   1      }
  37          
  38          void UART_Routine() interrupt 4
  39          {
  40   1          P2 = 0x00;
  41   1      }


MODULE INFORMATION:   STATIC OVERLAYABLE
   CODE SIZE        =     16    ----
   CONSTANT SIZE    =   ----    ----
   XDATA SIZE       =   ----    ----
   PDATA SIZE       =   ----    ----
   DATA SIZE        =   ----    ----
   IDATA SIZE       =   ----    ----
   BIT SIZE         =   ----    ----
END OF MODULE INFORMATION.


C51 COMPILATION COMPLETE.  0 WARNING(S),  0 ERROR(S)
