C51 COMPILER V9.60.7.0   MAIN                                                              12/12/2024 19:38:54 PAGE 1   


C51 COMPILER V9.60.7.0, COMPILATION OF MODULE MAIN
OBJECT MODULE PLACED IN .\Objects\main.obj
COMPILER INVOKED BY: C:\Keil_v5\C51\BIN\C51.EXE main.c OPTIMIZE(8,SPEED) BROWSE DEBUG OBJECTEXTEND PRINT(.\Listings\main
                    -.lst) TABS(2) OBJECT(.\Objects\main.obj)

line level    source

   1          #include <REGX52.H>
   2          #include "Timer0.h"
*** WARNING C315 IN LINE 1 OF Timer0.h: unknown #directive 'ifndef__TIMER0_H__'
*** WARNING C315 IN LINE 2 OF Timer0.h: unknown #directive 'define__TIMER0_H__'
*** WARNING C312 IN LINE 10 OF Timer0.h: misplaced endif control
   3          #include "Delay.h"
*** WARNING C315 IN LINE 1 OF Delay.h: unknown #directive 'ifndef__DELAY_H__'
*** WARNING C315 IN LINE 2 OF Delay.h: unknown #directive 'define__DELAY_H__'
*** WARNING C312 IN LINE 6 OF Delay.h: misplaced endif control
   4          
   5          unsigned char NixieCode[] = {0x3F, 0x06, 0x5B, 0x4F, 0x66, 0x6D, 0x7D, 0x07, 0x7F, 0x6F, 0x40, 0x00};
   6          unsigned char LEDCode[] = {0xFE, 0xFD, 0xFB, 0xF7, 0xEF, 0xDF, 0xBF, 0x7F};
   7          
   8          unsigned char led_num = 0;
   9          unsigned char nixie_digits[] = {1, 8, 8, 6};
  10          
  11          unsigned int led_delay_count = 0;
  12          unsigned char delay_count;
  13          unsigned char delay_flag;
  14          unsigned int total_time_count = 0;
  15          
  16          unsigned int T0Count;
  17          
  18          
  19          unsigned char hour=1;
  20          unsigned char min=15;
  21          unsigned char sec=50;
  22          
  23          unsigned int display_time = 0; 
  24          unsigned int delay1_count = 0; 
  25          unsigned int delay2_count = 0; 
  26          unsigned char timer2_active = 1; 
  27          unsigned int led_blink_count = 0; 
  28          unsigned char mode0_done = 0; 
  29          unsigned char led_blink_500ms = 0; 
  30          unsigned char display_off = 0;
  31          unsigned char delay_count=0;
  32          unsigned char mode1_done = 0;  
  33          unsigned char sec_double_speed = 0; 
  34          unsigned int sec_double_speed_count = 0;
  35          void Nixie(unsigned char Location, unsigned char Num)
  36          {
  37   1          P2_2 = Location & 0x01;
  38   1          P2_3 = (Location >> 1) & 0x01;
  39   1          P2_4 = (Location >> 2) & 0x01;
  40   1          P0 = NixieCode[Num];
  41   1          Delay(1);
  42   1          P0 = 0x00;
  43   1      }
  44          
  45          void led()
  46          {
  47   1        Nixie(7,hour/10);
  48   1        Nixie(6,hour%10);
C51 COMPILER V9.60.7.0   MAIN                                                              12/12/2024 19:38:54 PAGE 2   

  49   1        Nixie(4,min/10);
  50   1        Nixie(3,min%10);
  51   1        Nixie(1,sec/10);
  52   1        Nixie(0,sec%10);
  53   1      }
  54          unsigned int mode =0;
  55          void main()
  56          {
  57   1          Timer0Init();  
  58   1          
  59   1          while(1)
  60   1          {
  61   2              if (!mode0_done) 
  62   2              {
  63   3                  mode = 0;
  64   3              }
  65   2              
  66   2              if (hour == 1 && min == 16 && sec == 0) 
  67   2              {
  68   3                  display_off = 1; 
  69   3                  sec_double_speed = 1; 
  70   3              }
  71   2              if (hour == 1 && min == 16 && sec == 30) 
  72   2              {
  73   3                  display_off = 0; 
  74   3                  mode = 2; 
  75   3              }
  76   2              if(P3_1==0)break;
  77   2              switch(mode)
  78   2              {
  79   3                  case 0:
  80   3                  {
  81   4                      Nixie(5,1);
  82   4                      Nixie(4,8);
  83   4                      Nixie(3,8);
  84   4                      Nixie(2,6);
  85   4                      P2 = LEDCode[led_num]; 
  86   4                      break; 
  87   4                  }
  88   3                  case 1:
  89   3                  {
  90   4                      if (display_off == 1)
  91   4                      {
  92   5                          P0 = 0x00; 
  93   5                          P2 = LEDCode[led_num]; 
  94   5                      }
  95   4                      else
  96   4                      {
  97   5                          Nixie(5,10);
  98   5                          Nixie(2,10);
  99   5                          led();
 100   5                      }
 101   4                      mode1_done = 1; 
 102   4                      break; 
 103   4                  }
 104   3                  case 2:
 105   3                  {
 106   4                      Nixie(7, hour / 10);
 107   4                      Nixie(6, hour % 10);
 108   4                      Nixie(4, min / 10);
 109   4                      Nixie(3, min % 10);
 110   4                      Nixie(1, sec / 10);
C51 COMPILER V9.60.7.0   MAIN                                                              12/12/2024 19:38:54 PAGE 3   

 111   4                      Nixie(0, sec % 10);
 112   4                      Nixie(5,10);
 113   4                          Nixie(2,10);
 114   4                      break; 
 115   4                  }
 116   3              }
 117   2          }
 118   1      }
 119                
 120              
 121          void Timer0_Routine(void) interrupt 1
 122          {
 123   1          TL0 = 0x66;   
 124   1          TH0 = 0xFC;
 125   1          
 126   1          if (timer2_active)
 127   1          {
 128   2              delay2_count++;
 129   2            delay_count++;
 130   2              if (delay2_count >= 4000) 
 131   2              {
 132   3                  delay2_count = 0;
 133   3                  timer2_active = 0; 
 134   3                  mode0_done = 1; 
 135   3              }
 136   2              if (delay2_count % 400 == 0) 
 137   2              {
 138   3                  led_num++;
 139   3                  if (led_num >= 8) led_num = 0;
 140   3                  P2 = LEDCode[led_num]; 
 141   3              }
 142   2          }
 143   1          else
 144   1          {
 145   2            if (display_off != 10)
 146   2            {
 147   3              delay1_count++;
 148   3              if (delay1_count >= 1000) 
 149   3              {
 150   4                  delay1_count = 0;
 151   4                  mode = 1;
 152   4                  sec++;
 153   4                  if(sec >= 60)
 154   4                  {
 155   5                      sec = 0;
 156   5                      min++;
 157   5                      if(min >= 60)
 158   5                      {
 159   6                          min = 0;
 160   6                          hour++;
 161   6                          if(hour >= 24) hour = 0;
 162   6                      }
 163   5                  }
 164   4              }
 165   3            }
 166   2              if (display_off == 1 && mode == 1)
 167   2              {
 168   3                  sec_double_speed_count++;
 169   3                  if (sec_double_speed_count % 500 == 0) 
 170   3                  {
 171   4                      led_num++;
 172   4                      if (led_num >= 8) led_num = 0;
C51 COMPILER V9.60.7.0   MAIN                                                              12/12/2024 19:38:54 PAGE 4   

 173   4                      P2 = LEDCode[led_num]; 
 174   4                  }
 175   3      
 176   3                  
 177   3                  if (sec_double_speed_count >=2000) 
 178   3                  {
 179   4                      sec_double_speed_count = 0;
 180   4                      sec++;
 181   4                      if(sec >= 60) 
 182   4                      {
 183   5                          sec = 0;
 184   5                          min++;
 185   5                          if(min >= 60)
 186   5                          {
 187   6                              min = 0;
 188   6                              hour++;
 189   6                              if(hour >= 24) hour = 0;
 190   6                          }
 191   5                      }
 192   4                  }
 193   3              }
 194   2          }
 195   1      }


MODULE INFORMATION:   STATIC OVERLAYABLE
   CODE SIZE        =    642    ----
   CONSTANT SIZE    =   ----    ----
   XDATA SIZE       =   ----    ----
   PDATA SIZE       =   ----    ----
   DATA SIZE        =     54    ----
   IDATA SIZE       =   ----    ----
   BIT SIZE         =   ----    ----
END OF MODULE INFORMATION.


C51 COMPILATION COMPLETE.  6 WARNING(S),  0 ERROR(S)
