C51 COMPILER V9.54   MAIN                                                                  12/11/2024 21:19:25 PAGE 1   


C51 COMPILER V9.54, COMPILATION OF MODULE MAIN
OBJECT MODULE PLACED IN .\Objects\main.obj
COMPILER INVOKED BY: C:\Keil_v5\C51\BIN\C51.EXE main.c OPTIMIZE(8,SPEED) BROWSE DEBUG OBJECTEXTEND PRINT(.\Listings\main
                    -.lst) TABS(2) OBJECT(.\Objects\main.obj)

line level    source

   1          #include <REGX52.H>
   2          #include "delay.h"
   3          #include "LCD1602.h"
   4          #include "IR.h"
   5          
   6          
   7          unsigned char Num;
   8          unsigned char Address;
   9          unsigned char Command;
  10          
  11          
  12          
  13          void main()
  14          {
  15   1          LCD_Init();
  16   1          LCD_ShowString(1,1,"ADDR  CMD  NUM");
  17   1          LCD_ShowString(2,1,"00    00   000");
  18   1      
  19   1          IR_Init();
  20   1          
  21   1          while(1)
  22   1          {
  23   2              if(IR_GetDataFlag() || IR_GetRepeatFlag())
  24   2              {
  25   3                  Address = IR_GetAddress();
  26   3                  Command = IR_GetCommand();
  27   3      
  28   3                  LCD_ShowHexNum(2,1,Address,2);
  29   3                  LCD_ShowHexNum(2,7,Command,2);
  30   3                  if(Command == IR_VOL_MINUS)
  31   3                  {
  32   4                      Num--;
  33   4                  }
  34   3                  if(Command == IR_VOL_ADD)
  35   3                  {
  36   4                      Num++;
  37   4                  }
  38   3                  LCD_ShowNum(2,12,Num,2);
  39   3              }
  40   2              
  41   2              
  42   2          }
  43   1      }


MODULE INFORMATION:   STATIC OVERLAYABLE
   CODE SIZE        =    115    ----
   CONSTANT SIZE    =     30    ----
   XDATA SIZE       =   ----    ----
   PDATA SIZE       =   ----    ----
   DATA SIZE        =      3    ----
   IDATA SIZE       =   ----    ----
   BIT SIZE         =   ----    ----
END OF MODULE INFORMATION.

C51 COMPILER V9.54   MAIN                                                                  12/11/2024 21:19:25 PAGE 2   


C51 COMPILATION COMPLETE.  0 WARNING(S),  0 ERROR(S)
