C51 COMPILER V9.54   TIMER0                                                                12/11/2024 20:12:50 PAGE 1   


C51 COMPILER V9.54, COMPILATION OF MODULE TIMER0
OBJECT MODULE PLACED IN .\Objects\Timer0.obj
COMPILER INVOKED BY: C:\Keil_v5\C51\BIN\C51.EXE Timer0.c OPTIMIZE(8,SPEED) BROWSE DEBUG OBJECTEXTEND PRINT(.\Listings\Ti
                    -mer0.lst) TABS(2) OBJECT(.\Objects\Timer0.obj)

line level    source

   1          #include <REGX52.H>
   2          
   3          /*
   4              *@brief 定时器0初始化
   5              *@param 无
   6              *@retval 无
   7          */
   8          void Timer0_Init()
   9          {
  10   1        TMOD &= 0xF0; //清除低四位
  11   1        TMOD |= 0x01; //设置定时器模式1,16位定时器模式
  12   1        TF0 = 0;          //清除TF0标志
  13   1        TR0 = 0;          //不启动定时器
  14   1        TL0 = 0x18;   //设置定时初值低字节
  15   1        TH0 = 0xFC;   //设置定时初值高字节
  16   1      }
  17          
  18          void Timer0_SetCounter(unsigned int Value)
  19          {
  20   1        TH0 = Value/256;
  21   1        TL0 = Value%256;
  22   1      }
  23          
  24          unsigned int Timer0_GetCounter(void)
  25          {
  26   1        return (TH0<<8)|TL0;
  27   1      }
  28          
  29          void Timer0_Run(unsigned char Flag)
  30          {
  31   1        TR0 = Flag;
  32   1      }


MODULE INFORMATION:   STATIC OVERLAYABLE
   CODE SIZE        =     43    ----
   CONSTANT SIZE    =   ----    ----
   XDATA SIZE       =   ----    ----
   PDATA SIZE       =   ----    ----
   DATA SIZE        =   ----    ----
   IDATA SIZE       =   ----    ----
   BIT SIZE         =   ----    ----
END OF MODULE INFORMATION.


C51 COMPILATION COMPLETE.  0 WARNING(S),  0 ERROR(S)
