C51 COMPILER V9.54   MAIN                                                                  11/25/2024 21:15:00 PAGE 1   


C51 COMPILER V9.54, COMPILATION OF MODULE MAIN
OBJECT MODULE PLACED IN .\Objects\main.obj
COMPILER INVOKED BY: C:\Keil_v5\C51\BIN\C51.EXE main.c OPTIMIZE(8,SPEED) BROWSE DEBUG OBJECTEXTEND PRINT(.\Listings\main
                    -.lst) TABS(2) OBJECT(.\Objects\main.obj)

line level    source

   1          #include <REGX52.H>
   2          #include "delay.h"
   3          #include "MatrixLED.h"
   4          
   5          unsigned char code Animation[]={
   6            0x00,0x00,0x00,0x00,0x00,0x00,0x00,0x00,
   7            0xFF,0x08,0x08,0x08,0xFF,0x00,0x0E,0x15,
   8            0x15,0x15,0x08,0x00,0x7E,0x01,0x02,0x00,
   9            0x7E,0x01,0x02,0x00,0x06,0x09,0x09,0x06,
  10            0x00,0x7D,0x00,0x00,0x00,0x00,0x00,0x00,
  11            0x00,0x00,0x00,0x00,0x00,0x00,0x00,0x00,
  12          };
  13          
  14          void main()
  15          {
  16   1        unsigned char i,Offset=0,Count=0;
  17   1        MatrixLED_Init();
  18   1        while(1)
  19   1        {
  20   2          for(i=0;i<8;i++)
  21   2          {
  22   3            MatrixLED_ShowColumn(i,Animation[i+Offset]);
  23   3          }
  24   2          Count++;
  25   2          if(Count>10)
  26   2          {
  27   3            Count=0;
  28   3            Offset++;
  29   3            if(Offset>40)
  30   3            {
  31   4              Offset=0;
  32   4            }
  33   3          }
  34   2        }
  35   1      }


MODULE INFORMATION:   STATIC OVERLAYABLE
   CODE SIZE        =     64    ----
   CONSTANT SIZE    =     48    ----
   XDATA SIZE       =   ----    ----
   PDATA SIZE       =   ----    ----
   DATA SIZE        =   ----       3
   IDATA SIZE       =   ----    ----
   BIT SIZE         =   ----    ----
END OF MODULE INFORMATION.


C51 COMPILATION COMPLETE.  0 WARNING(S),  0 ERROR(S)
