C51 COMPILER V9.54   MAIN                                                                  10/27/2024 19:31:13 PAGE 1   


C51 COMPILER V9.54, COMPILATION OF MODULE MAIN
OBJECT MODULE PLACED IN .\Objects\main.obj
COMPILER INVOKED BY: C:\Keil_v5\C51\BIN\C51.EXE main.c OPTIMIZE(8,SPEED) BROWSE DEBUG OBJECTEXTEND PRINT(.\Listings\main
                    -.lst) TABS(2) OBJECT(.\Objects\main.obj)

line level    source

   1          #include <REGX52.H>
   2          //#include <INTRINS.H>
   3          
   4          void Delay(unsigned int xms)    //@11.0592MHz
   5          {
   6   1        unsigned char i, j;
   7   1        while(xms)
   8   1        {
   9   2      //  _nop_();
  10   2          i = 2;
  11   2          j = 199;
  12   2          do
  13   2          {
  14   3            while (--j);
  15   3            } while (--i);
  16   2          xms--;
  17   2      
  18   2        }
  19   1      }
  20          
  21          
  22          void main()
  23          {
  24   1        while(1)
  25   1        {
  26   2      //    P2_0=0;
  27   2          if (P3_1==0)
  28   2          {
  29   3            Delay(20);
  30   3            while(P3_1==0);
  31   3            Delay(20);
  32   3            
  33   3            P2_0=~P2_0;
  34   3          }
  35   2        }
  36   1      }
  37          
  38          /*void Delay(unsigned int xms)    //@11.0592MHz
  39          {
  40            unsigned char i, j;
  41            while(xms)
  42            {
  43              _nop_();
  44              _nop_();
  45              _nop_();
  46              i = 11;
  47              j = 190;
  48              do
  49              {
  50              while (--j);
  51              } while (--i);
  52              
  53              xms--;
  54            }
C51 COMPILER V9.54   MAIN                                                                  10/27/2024 19:31:13 PAGE 2   

  55          
  56          }
  57          */
  58          /*#include <REGX52.H>
  59          
  60          void main()
  61          {
  62          //  P2=0xFE;
  63            while(1)
  64            {
  65              if(P3_1==0)
  66              {
  67                P2_0=0;
  68              }
  69              else
  70              {
  71                P2_0=1;
  72              }
  73            }
  74          }
  75          */


MODULE INFORMATION:   STATIC OVERLAYABLE
   CODE SIZE        =     44    ----
   CONSTANT SIZE    =   ----    ----
   XDATA SIZE       =   ----    ----
   PDATA SIZE       =   ----    ----
   DATA SIZE        =   ----    ----
   IDATA SIZE       =   ----    ----
   BIT SIZE         =   ----    ----
END OF MODULE INFORMATION.


C51 COMPILATION COMPLETE.  0 WARNING(S),  0 ERROR(S)
